0 info it worked if it ends with ok
1 verbose cli [ '/usr/local/bin/node', '/usr/local/bin/npm', 'run', 'server' ]
2 info using npm@3.10.10
3 info using node@v6.11.0
4 verbose run-script [ 'preserver', 'server', 'postserver' ]
5 info lifecycle livestreamdesktop@1.0.0~preserver: livestreamdesktop@1.0.0
6 silly lifecycle livestreamdesktop@1.0.0~preserver: no script for preserver, continuing
7 info lifecycle livestreamdesktop@1.0.0~server: livestreamdesktop@1.0.0
8 verbose lifecycle livestreamdesktop@1.0.0~server: unsafe-perm in lifecycle true
9 verbose lifecycle livestreamdesktop@1.0.0~server: PATH: /usr/local/lib/node_modules/npm/bin/node-gyp-bin:/Users/kgarcia/Desktop/lstream_2/lsServer/node_modules/.bin:/usr/local/lib/node_modules/npm/bin/node-gyp-bin:/Users/kgarcia/Desktop/lstream_2/lsServer/node_modules/.bin:/Users/kgarcia/google-cloud-sdk/bin:/usr/bin:/bin:/usr/sbin:/sbin:/usr/local/bin:/opt/X11/bin:/usr/texbin
10 verbose lifecycle livestreamdesktop@1.0.0~server: CWD: /Users/kgarcia/Desktop/lstream_2/lsServer
11 silly lifecycle livestreamdesktop@1.0.0~server: Args: [ '-c', 'server.js' ]
12 info lifecycle livestreamdesktop@1.0.0~server: Failed to exec server script
13 verbose stack Error: livestreamdesktop@1.0.0 server: `server.js`
13 verbose stack spawn ENOENT
13 verbose stack     at ChildProcess.<anonymous> (/usr/local/lib/node_modules/npm/lib/utils/spawn.js:33:16)
13 verbose stack     at emitTwo (events.js:106:13)
13 verbose stack     at ChildProcess.emit (events.js:191:7)
13 verbose stack     at maybeClose (internal/child_process.js:891:16)
13 verbose stack     at Process.ChildProcess._handle.onexit (internal/child_process.js:226:5)
14 verbose pkgid livestreamdesktop@1.0.0
15 verbose cwd /Users/kgarcia/Desktop/lstream_2/lsServer
16 error Darwin 13.4.0
17 error argv "/usr/local/bin/node" "/usr/local/bin/npm" "run" "server"
18 error node v6.11.0
19 error npm  v3.10.10
20 error file sh
21 error code ELIFECYCLE
22 error errno ENOENT
23 error syscall spawn
24 error livestreamdesktop@1.0.0 server: `server.js`
24 error spawn ENOENT
25 error Failed at the livestreamdesktop@1.0.0 server script 'server.js'.
25 error Make sure you have the latest version of node.js and npm installed.
25 error If you do, this is most likely a problem with the livestreamdesktop package,
25 error not with npm itself.
25 error Tell the author that this fails on your system:
25 error     server.js
25 error You can get information on how to open an issue for this project with:
25 error     npm bugs livestreamdesktop
25 error Or if that isn't available, you can get their info via:
25 error     npm owner ls livestreamdesktop
25 error There is likely additional logging output above.
26 verbose exit [ 1, true ]
